2026-01-06 20:34:48 | INFO | P01 | =================
2026-01-06 20:34:48 | INFO | P01 | === RUN START ===
2026-01-06 20:34:48 | INFO | P01 | project=Foundations of Professional Python
2026-01-06 20:34:48 | INFO | P01 | repo_dir=datafun-01-foundations
2026-01-06 20:34:48 | INFO | P01 | python=3.12.4
2026-01-06 20:34:48 | INFO | P01 | os=Windows 11
2026-01-06 20:34:48 | INFO | P01 | shell=powershell
2026-01-06 20:34:48 | INFO | P01 | cwd=.
2026-01-06 20:34:48 | INFO | P01 | github_actions=False
2026-01-06 20:34:48 | INFO | P01 | =================
2026-01-06 20:34:48 | INFO | P01 | START main()
2026-01-06 20:34:48 | INFO | P01 | Generated summary information.
2026-01-06 20:34:48 | INFO | P01 | Returning the summary string to the calling function.
2026-01-06 20:34:48 | INFO | P01 | 
    Course Information:
        Course name: Project 01
        Course number: 608
        Course hrs/wk: 20.00
        Assumes prior experience: False
        Helpful traits: ['patience', 'curiosity', 'humor', 'tenacity']

    Project Information:
        Project name: Project 01
        Project number: 1
        Project hrs/wk: 8.00
        Uses professional Python: True
        Required skills: ['variables', 'lists', 'f-strings', 'logging']
    
2026-01-06 20:34:48 | INFO | P01 | END main()
2026-01-06 20:34:55 | INFO | P01 | =================
2026-01-06 20:34:55 | INFO | P01 | === RUN START ===
2026-01-06 20:34:55 | INFO | P01 | project=Foundations of Professional Python
2026-01-06 20:34:55 | INFO | P01 | repo_dir=datafun-01-foundations
2026-01-06 20:34:55 | INFO | P01 | python=3.12.4
2026-01-06 20:34:55 | INFO | P01 | os=Windows 11
2026-01-06 20:34:55 | INFO | P01 | shell=powershell
2026-01-06 20:34:55 | INFO | P01 | cwd=.
2026-01-06 20:34:55 | INFO | P01 | github_actions=False
2026-01-06 20:34:55 | INFO | P01 | =================
2026-01-06 20:34:55 | INFO | P01 | START main()
2026-01-06 20:34:55 | INFO | P01 | Generated summary information.
2026-01-06 20:34:55 | INFO | P01 | Returning the summary string to the calling function.
2026-01-06 20:34:55 | INFO | P01 | 

    TODO: Don't forget to add an f at the start of this string to make it an f-string!

    
2026-01-06 20:34:55 | INFO | P01 | END main()
2026-01-07 07:06:10 | INFO | P01 | =================
2026-01-07 07:06:10 | INFO | P01 | === RUN START ===
2026-01-07 07:06:10 | INFO | P01 | project=Foundations of Professional Python
2026-01-07 07:06:10 | INFO | P01 | repo_dir=datafun-01-foundations
2026-01-07 07:06:10 | INFO | P01 | python=3.12.4
2026-01-07 07:06:10 | INFO | P01 | os=Windows 11
2026-01-07 07:06:10 | INFO | P01 | shell=powershell
2026-01-07 07:06:10 | INFO | P01 | cwd=.
2026-01-07 07:06:10 | INFO | P01 | github_actions=False
2026-01-07 07:06:10 | INFO | P01 | =================
2026-01-07 07:06:10 | INFO | P01 | START main()
2026-01-07 07:06:10 | INFO | P01 | Generated summary information.
2026-01-07 07:06:10 | INFO | P01 | Returning the summary string to the calling function.
2026-01-07 07:06:10 | INFO | P01 | 
    Course Information:
        Course name: Project 01
        Course number: 608
        Course hrs/wk: 20.00
        Assumes prior experience: False
        Helpful traits: ['patience', 'curiosity', 'humor', 'tenacity']

    Project Information:
        Project name: Project 01
        Project number: 1
        Project hrs/wk: 8.00
        Uses professional Python: True
        Required skills: ['variables', 'lists', 'f-strings', 'logging']
    
2026-01-07 07:06:10 | INFO | P01 | END main()
2026-01-07 07:06:20 | INFO | P01 | =================
2026-01-07 07:06:20 | INFO | P01 | === RUN START ===
2026-01-07 07:06:20 | INFO | P01 | project=Foundations of Professional Python
2026-01-07 07:06:20 | INFO | P01 | repo_dir=datafun-01-foundations
2026-01-07 07:06:20 | INFO | P01 | python=3.12.4
2026-01-07 07:06:20 | INFO | P01 | os=Windows 11
2026-01-07 07:06:20 | INFO | P01 | shell=powershell
2026-01-07 07:06:20 | INFO | P01 | cwd=.
2026-01-07 07:06:20 | INFO | P01 | github_actions=False
2026-01-07 07:06:20 | INFO | P01 | =================
2026-01-07 07:06:20 | INFO | P01 | START main()
2026-01-07 07:06:20 | INFO | P01 | Generated summary information.
2026-01-07 07:06:20 | INFO | P01 | Returning the summary string to the calling function.
2026-01-07 07:06:20 | INFO | P01 | 

    TODO: Don't forget to add an f at the start of this string to make it an f-string!

    
2026-01-07 07:06:20 | INFO | P01 | END main()
2026-01-07 07:50:49 | INFO | P01 | Generated formatted multi-line SUMMARY string.
2026-01-07 07:50:49 | INFO | P01 | Returning the str to the calling function.
